<?xml version="1.0" encoding="UTF-8"?>
<testng-results skipped="0" failed="0" ignored="0" total="1" passed="1">
  <reporter-output>
  </reporter-output>
  <suite name="Suite" duration-ms="19" started-at="2017-07-28T12:37:01Z" finished-at="2017-07-28T12:37:01Z">
    <groups>
    </groups>
    <test name="Test" duration-ms="19" started-at="2017-07-28T12:37:01Z" finished-at="2017-07-28T12:37:01Z">
      <class name="testv6.NewTest">
        <test-method status="PASS" signature="a()[pri:0, instance:testv6.NewTest@2d6a9952]" name="a" duration-ms="6" started-at="2017-07-28T14:37:01Z" finished-at="2017-07-28T14:37:01Z">
          <reporter-output>
          </reporter-output>
        </test-method> <!-- a -->
      </class> <!-- testv6.NewTest -->
    </test> <!-- Test -->
  </suite> <!-- Suite -->
</testng-results>
